[debug] > Exec(early(addDefaultCommands), None, None)
[debug] > Exec(addDefaultCommands, None, None)
[debug] > Exec(early(initialize), None, None)
[debug] > Exec(initialize, None, None)
[debug] > Exec(boot, None, None)
[debug] > Exec(writeSbtVersion, None, None)
[debug] > Exec(reload, None, None)
[debug] > Exec(sbtStashOnFailure, None, None)
[debug] > Exec(onFailure loadFailed, None, None)
[debug] > Exec(loadp, None, None)
[info] welcome to sbt 1.8.0 (Oracle Corporation Java 19.0.1)
[debug] Load.defaultLoad until apply took 296.0742ms
[debug]           Load.loadUnit: plugins took 226.6441ms
[debug]           Load.loadUnit: defsScala took 0.4733ms
[debug] [Loading] Scanning directory C:\Users\Miguel Alvarez\IdeaProjects\ProyectoIntegrador\project
[debug] [Loading] Found non-root projects 
[debug] [Loading] Done in C:\Users\Miguel Alvarez\IdeaProjects\ProyectoIntegrador\project, returning: ()
[debug] deducing auto plugins based on known facts Set(Atom(sbt.plugins.CorePlugin)) and clauses Clauses(Clause(Atom(sbt.plugins.JvmPlugin),Set(Atom(sbt.plugins.IvyPlugin)))
[debug] Clause(Atom(sbt.ScriptedPlugin),Set(Atom(sbt.plugins.JvmPlugin)))
[debug] Clause(Atom(sbt.plugins.SbtPlugin),Set(Atom(sbt.ScriptedPlugin)))
[debug] Clause(Atom(sbt.plugins.SemanticdbPlugin),Set(Atom(sbt.plugins.JvmPlugin)))
[debug] Clause(Atom(sbt.plugins.JUnitXmlReportPlugin),Set(Atom(sbt.plugins.JvmPlugin)))
[debug] Clause(Atom(sbt.plugins.MiniDependencyTreePlugin),Set(Atom(sbt.plugins.JvmPlugin)))
[debug] Clause(Atom(sbt.plugins.CorePlugin),Set(Atom(sbt.plugins.IvyPlugin)))
[debug] Clause(Atom(sbt.plugins.IvyPlugin),Set(Atom(sbt.plugins.JvmPlugin)))
[debug] Clause(Atom(sbt.plugins.JvmPlugin),Set(Atom(sbt.plugins.SemanticdbPlugin)))
[debug] Clause(Atom(sbt.plugins.JvmPlugin),Set(Atom(sbt.plugins.JUnitXmlReportPlugin)))
[debug] Clause(Atom(sbt.plugins.CorePlugin),Set(Atom(sbt.plugins.Giter8TemplatePlugin)))
[debug] Clause(Atom(sbt.plugins.JvmPlugin),Set(Atom(sbt.plugins.MiniDependencyTreePlugin))))
[debug]   :: deduced result: Matched(sbt.plugins.CorePlugin,sbt.plugins.Giter8TemplatePlugin,sbt.plugins.IvyPlugin,sbt.plugins.JvmPlugin,sbt.plugins.MiniDependencyTreePlugin,sbt.plugins.JUnitXmlReportPlugin,sbt.plugins.SemanticdbPlugin)
[debug] Plugins.deducer#function took 64.8097 ms
[debug]               Load.resolveProject(proyectointegrador-build) took 130.8194ms
[debug]             Load.loadTransitive: finalizeProject(Project(id proyectointegrador-build, base: C:\Users\Miguel Alvarez\IdeaProjects\ProyectoIntegrador\project, plugins: List(<none>))) took 243.9743ms
[debug] [Loading] Done in C:\Users\Miguel Alvarez\IdeaProjects\ProyectoIntegrador\project, returning: (proyectointegrador-build)
[debug]           Load.loadUnit: loadedProjectsRaw took 301.1275ms
[debug]           Load.loadUnit: cleanEvalClasses took 0.4553ms
[debug]         Load.loadUnit(file:/C:/Users/Miguel%20Alvarez/IdeaProjects/ProyectoIntegrador/project/, ...) took 540.1995ms
[debug]       Load.apply: load took 928.0844ms
[debug]       Load.apply: resolveProjects took 28.3182ms
[debug]       Load.apply: finalTransforms took 155.092ms
[debug]       Load.apply: config.delegates took 12.5077ms
[debug]       Load.apply: Def.make(settings)... took 790.9348ms
[debug]       Load.apply: structureIndex took 192.201ms
[debug]       Load.apply: mkStreams took 1.9055ms
[info] loading project definition from C:\Users\Miguel Alvarez\IdeaProjects\ProyectoIntegrador\project
[debug] Running task... Cancel: Signal, check cycles: false, forcegc: true
[debug]     Load.loadUnit: plugins took 3668.7235ms
[debug]     Load.loadUnit: defsScala took 0.0062ms
[debug] [Loading] Scanning directory C:\Users\Miguel Alvarez\IdeaProjects\ProyectoIntegrador
[debug]       Load.loadUnit: mkEval took 7.7356ms
[debug] [Loading] Found root project root w/ remaining 
[debug] deducing auto plugins based on known facts Set(Atom(sbt.plugins.CorePlugin)) and clauses Clauses(Clause(Atom(sbt.plugins.JvmPlugin),Set(Atom(sbt.plugins.IvyPlugin)))
[debug] Clause(Atom(sbt.ScriptedPlugin),Set(Atom(sbt.plugins.JvmPlugin)))
[debug] Clause(Atom(sbt.plugins.SbtPlugin),Set(Atom(sbt.ScriptedPlugin)))
[debug] Clause(Atom(sbt.plugins.SemanticdbPlugin),Set(Atom(sbt.plugins.JvmPlugin)))
[debug] Clause(Atom(sbt.plugins.JUnitXmlReportPlugin),Set(Atom(sbt.plugins.JvmPlugin)))
[debug] Clause(Atom(sbt.plugins.MiniDependencyTreePlugin),Set(Atom(sbt.plugins.JvmPlugin)))
[debug] Clause(Atom(sbt.plugins.CorePlugin),Set(Atom(sbt.plugins.IvyPlugin)))
[debug] Clause(Atom(sbt.plugins.IvyPlugin),Set(Atom(sbt.plugins.JvmPlugin)))
[debug] Clause(Atom(sbt.plugins.JvmPlugin),Set(Atom(sbt.plugins.SemanticdbPlugin)))
[debug] Clause(Atom(sbt.plugins.JvmPlugin),Set(Atom(sbt.plugins.JUnitXmlReportPlugin)))
[debug] Clause(Atom(sbt.plugins.CorePlugin),Set(Atom(sbt.plugins.Giter8TemplatePlugin)))
[debug] Clause(Atom(sbt.plugins.JvmPlugin),Set(Atom(sbt.plugins.MiniDependencyTreePlugin))))
[debug]   :: deduced result: Matched(sbt.plugins.CorePlugin,sbt.plugins.Giter8TemplatePlugin,sbt.plugins.IvyPlugin,sbt.plugins.JvmPlugin,sbt.plugins.MiniDependencyTreePlugin,sbt.plugins.JUnitXmlReportPlugin,sbt.plugins.SemanticdbPlugin)
[debug] Plugins.deducer#function took 6.5763 ms
[info] loading settings for project root from build.sbt ...
[debug]         Load.resolveProject(root) took 4.5824ms
[debug]       Load.loadTransitive: finalizeProject(Project(id root, base: C:\Users\Miguel Alvarez\IdeaProjects\ProyectoIntegrador, plugins: List(<none>))) took 13.9106ms
[debug] [Loading] Done in C:\Users\Miguel Alvarez\IdeaProjects\ProyectoIntegrador, returning: (root)
[debug]     Load.loadUnit: loadedProjectsRaw took 311.6107ms
[debug]     Load.loadUnit: cleanEvalClasses took 26.4197ms
[debug]   Load.loadUnit(file:/C:/Users/Miguel%20Alvarez/IdeaProjects/ProyectoIntegrador/, ...) took 4009.9976ms
[debug] Load.apply: load took 4071.3151ms
[debug] Load.apply: resolveProjects took 0.2589ms
[debug] Load.apply: finalTransforms took 18.085ms
[debug] Load.apply: config.delegates took 0.625ms
[debug] Load.apply: Def.make(settings)... took 211.9681ms
[debug] Load.apply: structureIndex took 65.4094ms
[debug] Load.apply: mkStreams took 0.0023ms
[info] set current project to ProyectoIntegrador (in build file:/C:/Users/Miguel%20Alvarez/IdeaProjects/ProyectoIntegrador/)
[debug] > Exec(sbtPopOnFailure, None, None)
[debug] > Exec(resumeFromFailure, None, None)
[debug] > Exec(notifyUsersAboutShell, None, None)
[debug] > Exec(iflast shell, None, None)
[debug] > Exec(shell, None, None)
[info] sbt server started at local:sbt-server-85820b157275b9b2f321
[debug] Writing bsp connection file
[info] started sbt server
