[debug] > Exec(early(addDefaultCommands), None, None)
[debug] > Exec(addDefaultCommands, None, None)
[debug] > Exec(early(initialize), None, None)
[debug] > Exec(initialize, None, None)
[debug] > Exec(boot, None, None)
[debug] > Exec(writeSbtVersion, None, None)
[debug] > Exec(reload, None, None)
[debug] > Exec(sbtStashOnFailure, None, None)
[debug] > Exec(onFailure loadFailed, None, None)
[debug] > Exec(loadp, None, None)
[info] welcome to sbt 1.8.0 (Oracle Corporation Java 19.0.1)
[debug] Load.defaultLoad until apply took 196.8194ms
[debug]           Load.loadUnit: plugins took 238.7507ms
[debug]           Load.loadUnit: defsScala took 0.3653ms
[debug] [Loading] Scanning directory C:\Users\Miguel Alvarez\IdeaProjects\ProyectoIntegrador\project
[debug] [Loading] Found non-root projects 
[debug] [Loading] Done in C:\Users\Miguel Alvarez\IdeaProjects\ProyectoIntegrador\project, returning: ()
[debug] deducing auto plugins based on known facts Set(Atom(sbt.plugins.CorePlugin)) and clauses Clauses(Clause(Atom(sbt.plugins.JvmPlugin),Set(Atom(sbt.plugins.IvyPlugin)))
[debug] Clause(Atom(sbt.ScriptedPlugin),Set(Atom(sbt.plugins.JvmPlugin)))
[debug] Clause(Atom(sbt.plugins.SbtPlugin),Set(Atom(sbt.ScriptedPlugin)))
[debug] Clause(Atom(sbt.plugins.SemanticdbPlugin),Set(Atom(sbt.plugins.JvmPlugin)))
[debug] Clause(Atom(sbt.plugins.JUnitXmlReportPlugin),Set(Atom(sbt.plugins.JvmPlugin)))
[debug] Clause(Atom(sbt.plugins.MiniDependencyTreePlugin),Set(Atom(sbt.plugins.JvmPlugin)))
[debug] Clause(Atom(sbt.plugins.CorePlugin),Set(Atom(sbt.plugins.IvyPlugin)))
[debug] Clause(Atom(sbt.plugins.IvyPlugin),Set(Atom(sbt.plugins.JvmPlugin)))
[debug] Clause(Atom(sbt.plugins.JvmPlugin),Set(Atom(sbt.plugins.SemanticdbPlugin)))
[debug] Clause(Atom(sbt.plugins.JvmPlugin),Set(Atom(sbt.plugins.JUnitXmlReportPlugin)))
[debug] Clause(Atom(sbt.plugins.CorePlugin),Set(Atom(sbt.plugins.Giter8TemplatePlugin)))
[debug] Clause(Atom(sbt.plugins.JvmPlugin),Set(Atom(sbt.plugins.MiniDependencyTreePlugin))))
[debug]   :: deduced result: Matched(sbt.plugins.CorePlugin,sbt.plugins.Giter8TemplatePlugin,sbt.plugins.IvyPlugin,sbt.plugins.JvmPlugin,sbt.plugins.MiniDependencyTreePlugin,sbt.plugins.JUnitXmlReportPlugin,sbt.plugins.SemanticdbPlugin)
[debug] Plugins.deducer#function took 52.3262 ms
[debug]               Load.resolveProject(proyectointegrador-build) took 69.614ms
[debug]             Load.loadTransitive: finalizeProject(Project(id proyectointegrador-build, base: C:\Users\Miguel Alvarez\IdeaProjects\ProyectoIntegrador\project, plugins: List(<none>))) took 175.2674ms
[debug] [Loading] Done in C:\Users\Miguel Alvarez\IdeaProjects\ProyectoIntegrador\project, returning: (proyectointegrador-build)
[debug]           Load.loadUnit: loadedProjectsRaw took 242.8011ms
[debug]           Load.loadUnit: cleanEvalClasses took 0.4258ms
[debug]         Load.loadUnit(file:/C:/Users/Miguel%20Alvarez/IdeaProjects/ProyectoIntegrador/project/, ...) took 492.065ms
[debug]       Load.apply: load took 866.4613ms
[debug]       Load.apply: resolveProjects took 9.6353ms
[debug]       Load.apply: finalTransforms took 88.0596ms
[debug]       Load.apply: config.delegates took 10.8681ms
[debug]       Load.apply: Def.make(settings)... took 703.4621ms
[debug]       Load.apply: structureIndex took 218.8178ms
[debug]       Load.apply: mkStreams took 2.0697ms
[info] loading project definition from C:\Users\Miguel Alvarez\IdeaProjects\ProyectoIntegrador\project
[debug] Running task... Cancel: Signal, check cycles: false, forcegc: true
[debug]     Load.loadUnit: plugins took 3730.4445ms
[debug]     Load.loadUnit: defsScala took 0.0043ms
[debug] [Loading] Scanning directory C:\Users\Miguel Alvarez\IdeaProjects\ProyectoIntegrador
[debug]       Load.loadUnit: mkEval took 7.5303ms
[debug] [Loading] Found root project root w/ remaining 
[debug] deducing auto plugins based on known facts Set(Atom(sbt.plugins.CorePlugin)) and clauses Clauses(Clause(Atom(sbt.plugins.JvmPlugin),Set(Atom(sbt.plugins.IvyPlugin)))
[debug] Clause(Atom(sbt.ScriptedPlugin),Set(Atom(sbt.plugins.JvmPlugin)))
[debug] Clause(Atom(sbt.plugins.SbtPlugin),Set(Atom(sbt.ScriptedPlugin)))
[debug] Clause(Atom(sbt.plugins.SemanticdbPlugin),Set(Atom(sbt.plugins.JvmPlugin)))
[debug] Clause(Atom(sbt.plugins.JUnitXmlReportPlugin),Set(Atom(sbt.plugins.JvmPlugin)))
[debug] Clause(Atom(sbt.plugins.MiniDependencyTreePlugin),Set(Atom(sbt.plugins.JvmPlugin)))
[debug] Clause(Atom(sbt.plugins.CorePlugin),Set(Atom(sbt.plugins.IvyPlugin)))
[debug] Clause(Atom(sbt.plugins.IvyPlugin),Set(Atom(sbt.plugins.JvmPlugin)))
[debug] Clause(Atom(sbt.plugins.JvmPlugin),Set(Atom(sbt.plugins.SemanticdbPlugin)))
[debug] Clause(Atom(sbt.plugins.JvmPlugin),Set(Atom(sbt.plugins.JUnitXmlReportPlugin)))
[debug] Clause(Atom(sbt.plugins.CorePlugin),Set(Atom(sbt.plugins.Giter8TemplatePlugin)))
[debug] Clause(Atom(sbt.plugins.JvmPlugin),Set(Atom(sbt.plugins.MiniDependencyTreePlugin))))
[debug]   :: deduced result: Matched(sbt.plugins.CorePlugin,sbt.plugins.Giter8TemplatePlugin,sbt.plugins.IvyPlugin,sbt.plugins.JvmPlugin,sbt.plugins.MiniDependencyTreePlugin,sbt.plugins.JUnitXmlReportPlugin,sbt.plugins.SemanticdbPlugin)
[debug] Plugins.deducer#function took 3.4908 ms
[info] loading settings for project root from build.sbt ...
[debug]         Load.resolveProject(root) took 4.0263ms
[debug]       Load.loadTransitive: finalizeProject(Project(id root, base: C:\Users\Miguel Alvarez\IdeaProjects\ProyectoIntegrador, plugins: List(<none>))) took 9.0771ms
[debug] [Loading] Done in C:\Users\Miguel Alvarez\IdeaProjects\ProyectoIntegrador, returning: (root)
[debug]     Load.loadUnit: loadedProjectsRaw took 249.3772ms
[debug]     Load.loadUnit: cleanEvalClasses took 15.344ms
[debug]   Load.loadUnit(file:/C:/Users/Miguel%20Alvarez/IdeaProjects/ProyectoIntegrador/, ...) took 3997.7198ms
[debug] Load.apply: load took 4043.7446ms
[debug] Load.apply: resolveProjects took 0.1766ms
[debug] Load.apply: finalTransforms took 17.8182ms
[debug] Load.apply: config.delegates took 0.5345ms
[debug] Load.apply: Def.make(settings)... took 188.3608ms
[debug] Load.apply: structureIndex took 49.6331ms
[debug] Load.apply: mkStreams took 0.0033ms
[info] set current project to ProyectoIntegrador (in build file:/C:/Users/Miguel%20Alvarez/IdeaProjects/ProyectoIntegrador/)
[debug] > Exec(sbtPopOnFailure, None, None)
[debug] > Exec(resumeFromFailure, None, None)
[debug] > Exec(notifyUsersAboutShell, None, None)
[debug] > Exec(iflast shell, None, None)
[debug] > Exec(shell, None, None)
[info] sbt server started at local:sbt-server-85820b157275b9b2f321
[debug] Writing bsp connection file
[info] started sbt server
